<?xml version="1.0" encoding="UTF-8"?>
<!-- Generated by org.testng.reporters.JUnitReportReporter -->
<testsuite hostname="Aibin" failures="0" tests="4" name="com.sampleproject.Script.LoginTest" time="4.502" errors="0" timestamp="2023-06-21T18:48:51 IST" skipped="0">
  <testcase classname="com.sampleproject.Script.LoginTest" name="verifySigninInvalidUserInvalidpass" time="1.092"/>
  <testcase classname="com.sampleproject.Script.LoginTest" name="verifySigninInvalidUserValidpass" time="1.047"/>
  <testcase classname="com.sampleproject.Script.LoginTest" name="verifySigninValidUserInvalidpass" time="1.020"/>
  <testcase classname="com.sampleproject.Script.LoginTest" name="verifySigninValidUserValidpass" time="1.343"/>
</testsuite> <!-- com.sampleproject.Script.LoginTest -->
