<?xml version="1.0" encoding="UTF-8"?>
<!-- Generated by org.testng.reporters.JUnitReportReporter -->
<testsuite hostname="Aibin" failures="0" tests="1" name="com.sampleproject.Listeners.TestListeners" time="0.006" errors="0" timestamp="2023-06-20T12:57:18 IST" skipped="0">
  <testcase classname="com.sampleproject.Listeners.TestListeners" name="f" time="0.006"/>
</testsuite> <!-- com.sampleproject.Listeners.TestListeners -->
